build/app/intermediates/manifest_merge_blame_file/debug/manifest-merger-blame-debug-report.txt
1<?xml version="1.0" encoding="utf-8"?>
2<manifest xmlns:android="http://schemas.android.com/apk/res/android"
3    package="com.example.on_the_spot"
4    android:versionCode="1"
5    android:versionName="1.0.0" >
6
7    <uses-sdk
8        android:minSdkVersion="16"
9        android:targetSdkVersion="33" />
10    <!--
11         The INTERNET permission is required for development. Specifically,
12         the Flutter tool needs it to communicate with the running application
13         to allow setting breakpoints, to provide hot reload, etc.
14    -->
15    <uses-permission android:name="android.permission.INTERNET" />
15-->src\main\AndroidManifest.xml:2:5-67
15-->src\main\AndroidManifest.xml:2:22-64
16    <uses-permission android:name="android.permission.ACCESS_NETWORK_STATE" />
16-->[com.google.firebase:firebase-auth:22.1.2] AndroidManifest.xml:26:5-79
16-->[com.google.firebase:firebase-auth:22.1.2] AndroidManifest.xml:26:22-76
17
18    <application
19        android:name="android.app.Application"
20        android:appComponentFactory="androidx.core.app.CoreComponentFactory"
20-->[androidx.core:core:1.6.0] AndroidManifest.xml:24:18-86
21        android:debuggable="true"
22        android:icon="@mipmap/ic_launcher"
23        android:label="on_the_spot"
24        android:usesCleartextTraffic="true" >
25        <activity
26            android:name="com.example.on_the_spot.MainActivity"
27            android:configChanges="orientation|keyboardHidden|keyboard|screenSize|smallestScreenSize|locale|layoutDirection|fontScale|screenLayout|density|uiMode"
28            android:exported="true"
29            android:hardwareAccelerated="true"
30            android:launchMode="singleTop"
31            android:theme="@style/LaunchTheme"
32            android:windowSoftInputMode="adjustResize" >
33
34            <!--
35                 Specifies an Android theme to apply to this Activity as soon as
36                 the Android process has started. This theme is visible to the user
37                 while the Flutter UI initializes. After that, this theme continues
38                 to determine the Window background behind the Flutter UI.
39            -->
40            <meta-data
41                android:name="io.flutter.embedding.android.NormalTheme"
42                android:resource="@style/NormalTheme" />
43
44            <intent-filter>
45                <action android:name="android.intent.action.MAIN" />
46
47                <category android:name="android.intent.category.LAUNCHER" />
48            </intent-filter>
49        </activity>
50        <!--
51             Don't delete the meta-data below.
52             This is used by the Flutter tool to generate GeneratedPluginRegistrant.java
53        -->
54        <meta-data
55            android:name="flutterEmbedding"
56            android:value="2" />
57
58        <service
58-->[:firebase_auth] AndroidManifest.xml:10:9-14:19
59            android:name="com.google.firebase.components.ComponentDiscoveryService"
59-->[:firebase_auth] AndroidManifest.xml:10:18-89
60            android:directBootAware="true"
60-->[com.google.firebase:firebase-common:20.3.3] AndroidManifest.xml:34:13-43
61            android:exported="false" >
61-->[com.google.firebase:firebase-auth:22.1.2] AndroidManifest.xml:68:13-37
62            <meta-data
62-->[:firebase_auth] AndroidManifest.xml:11:13-13:85
63                android:name="com.google.firebase.components:io.flutter.plugins.firebase.auth.FlutterFirebaseAuthRegistrar"
63-->[:firebase_auth] AndroidManifest.xml:12:17-124
64                android:value="com.google.firebase.components.ComponentRegistrar" />
64-->[:firebase_auth] AndroidManifest.xml:13:17-82
65            <meta-data
65-->[:firebase_core] AndroidManifest.xml:11:13-13:85
66                android:name="com.google.firebase.components:io.flutter.plugins.firebase.core.FlutterFirebaseCoreRegistrar"
66-->[:firebase_core] AndroidManifest.xml:12:17-124
67                android:value="com.google.firebase.components.ComponentRegistrar" />
67-->[:firebase_core] AndroidManifest.xml:13:17-82
68            <meta-data
68-->[com.google.firebase:firebase-auth:22.1.2] AndroidManifest.xml:69:13-71:85
69                android:name="com.google.firebase.components:com.google.firebase.auth.FirebaseAuthRegistrar"
69-->[com.google.firebase:firebase-auth:22.1.2] AndroidManifest.xml:70:17-109
70                android:value="com.google.firebase.components.ComponentRegistrar" />
70-->[com.google.firebase:firebase-auth:22.1.2] AndroidManifest.xml:71:17-82
71        </service>
72
73        <activity
73-->[com.google.firebase:firebase-auth:22.1.2] AndroidManifest.xml:29:9-46:20
74            android:name="com.google.firebase.auth.internal.GenericIdpActivity"
74-->[com.google.firebase:firebase-auth:22.1.2] AndroidManifest.xml:30:13-80
75            android:excludeFromRecents="true"
75-->[com.google.firebase:firebase-auth:22.1.2] AndroidManifest.xml:31:13-46
76            android:exported="true"
76-->[com.google.firebase:firebase-auth:22.1.2] AndroidManifest.xml:32:13-36
77            android:launchMode="singleTask"
77-->[com.google.firebase:firebase-auth:22.1.2] AndroidManifest.xml:33:13-44
78            android:theme="@android:style/Theme.Translucent.NoTitleBar" >
78-->[com.google.firebase:firebase-auth:22.1.2] AndroidManifest.xml:34:13-72
79            <intent-filter>
79-->[com.google.firebase:firebase-auth:22.1.2] AndroidManifest.xml:35:13-45:29
80                <action android:name="android.intent.action.VIEW" />
80-->[com.google.firebase:firebase-auth:22.1.2] AndroidManifest.xml:36:17-69
80-->[com.google.firebase:firebase-auth:22.1.2] AndroidManifest.xml:36:25-66
81
82                <category android:name="android.intent.category.DEFAULT" />
82-->[com.google.firebase:firebase-auth:22.1.2] AndroidManifest.xml:38:17-76
82-->[com.google.firebase:firebase-auth:22.1.2] AndroidManifest.xml:38:27-73
83                <category android:name="android.intent.category.BROWSABLE" />
83-->[com.google.firebase:firebase-auth:22.1.2] AndroidManifest.xml:39:17-78
83-->[com.google.firebase:firebase-auth:22.1.2] AndroidManifest.xml:39:27-75
84
85                <data
85-->[com.google.firebase:firebase-auth:22.1.2] AndroidManifest.xml:41:17-44:51
86                    android:host="firebase.auth"
86-->[com.google.firebase:firebase-auth:22.1.2] AndroidManifest.xml:42:21-49
87                    android:path="/"
87-->[com.google.firebase:firebase-auth:22.1.2] AndroidManifest.xml:43:21-37
88                    android:scheme="genericidp" />
88-->[com.google.firebase:firebase-auth:22.1.2] AndroidManifest.xml:44:21-48
89            </intent-filter>
90        </activity>
91        <activity
91-->[com.google.firebase:firebase-auth:22.1.2] AndroidManifest.xml:47:9-64:20
92            android:name="com.google.firebase.auth.internal.RecaptchaActivity"
92-->[com.google.firebase:firebase-auth:22.1.2] AndroidManifest.xml:48:13-79
93            android:excludeFromRecents="true"
93-->[com.google.firebase:firebase-auth:22.1.2] AndroidManifest.xml:49:13-46
94            android:exported="true"
94-->[com.google.firebase:firebase-auth:22.1.2] AndroidManifest.xml:50:13-36
95            android:launchMode="singleTask"
95-->[com.google.firebase:firebase-auth:22.1.2] AndroidManifest.xml:51:13-44
96            android:theme="@android:style/Theme.Translucent.NoTitleBar" >
96-->[com.google.firebase:firebase-auth:22.1.2] AndroidManifest.xml:52:13-72
97            <intent-filter>
97-->[com.google.firebase:firebase-auth:22.1.2] AndroidManifest.xml:53:13-63:29
98                <action android:name="android.intent.action.VIEW" />
98-->[com.google.firebase:firebase-auth:22.1.2] AndroidManifest.xml:36:17-69
98-->[com.google.firebase:firebase-auth:22.1.2] AndroidManifest.xml:36:25-66
99
100                <category android:name="android.intent.category.DEFAULT" />
100-->[com.google.firebase:firebase-auth:22.1.2] AndroidManifest.xml:38:17-76
100-->[com.google.firebase:firebase-auth:22.1.2] AndroidManifest.xml:38:27-73
101                <category android:name="android.intent.category.BROWSABLE" />
101-->[com.google.firebase:firebase-auth:22.1.2] AndroidManifest.xml:39:17-78
101-->[com.google.firebase:firebase-auth:22.1.2] AndroidManifest.xml:39:27-75
102
103                <data
103-->[com.google.firebase:firebase-auth:22.1.2] AndroidManifest.xml:41:17-44:51
104                    android:host="firebase.auth"
104-->[com.google.firebase:firebase-auth:22.1.2] AndroidManifest.xml:42:21-49
105                    android:path="/"
105-->[com.google.firebase:firebase-auth:22.1.2] AndroidManifest.xml:43:21-37
106                    android:scheme="recaptcha" />
106-->[com.google.firebase:firebase-auth:22.1.2] AndroidManifest.xml:44:21-48
107            </intent-filter>
108        </activity>
109
110        <uses-library
110-->[androidx.window:window:1.0.0-beta04] AndroidManifest.xml:25:9-27:40
111            android:name="androidx.window.extensions"
111-->[androidx.window:window:1.0.0-beta04] AndroidManifest.xml:26:13-54
112            android:required="false" />
112-->[androidx.window:window:1.0.0-beta04] AndroidManifest.xml:27:13-37
113        <uses-library
113-->[androidx.window:window:1.0.0-beta04] AndroidManifest.xml:28:9-30:40
114            android:name="androidx.window.sidecar"
114-->[androidx.window:window:1.0.0-beta04] AndroidManifest.xml:29:13-51
115            android:required="false" />
115-->[androidx.window:window:1.0.0-beta04] AndroidManifest.xml:30:13-37
116
117        <provider
117-->[com.google.firebase:firebase-common:20.3.3] AndroidManifest.xml:25:9-30:39
118            android:name="com.google.firebase.provider.FirebaseInitProvider"
118-->[com.google.firebase:firebase-common:20.3.3] AndroidManifest.xml:26:13-77
119            android:authorities="com.example.on_the_spot.firebaseinitprovider"
119-->[com.google.firebase:firebase-common:20.3.3] AndroidManifest.xml:27:13-72
120            android:directBootAware="true"
120-->[com.google.firebase:firebase-common:20.3.3] AndroidManifest.xml:28:13-43
121            android:exported="false"
121-->[com.google.firebase:firebase-common:20.3.3] AndroidManifest.xml:29:13-37
122            android:initOrder="100" />
122-->[com.google.firebase:firebase-common:20.3.3] AndroidManifest.xml:30:13-36
123
124        <activity
124-->[com.google.android.gms:play-services-base:18.0.1] AndroidManifest.xml:20:9-22:45
125            android:name="com.google.android.gms.common.api.GoogleApiActivity"
125-->[com.google.android.gms:play-services-base:18.0.1] AndroidManifest.xml:20:19-85
126            android:exported="false"
126-->[com.google.android.gms:play-services-base:18.0.1] AndroidManifest.xml:22:19-43
127            android:theme="@android:style/Theme.Translucent.NoTitleBar" />
127-->[com.google.android.gms:play-services-base:18.0.1] AndroidManifest.xml:21:19-78
128
129        <meta-data
129-->[com.google.android.gms:play-services-basement:18.1.0] AndroidManifest.xml:21:9-23:69
130            android:name="com.google.android.gms.version"
130-->[com.google.android.gms:play-services-basement:18.1.0] AndroidManifest.xml:22:13-58
131            android:value="@integer/google_play_services_version" />
131-->[com.google.android.gms:play-services-basement:18.1.0] AndroidManifest.xml:23:13-66
132    </application>
133
134</manifest>